<?xml version="1.0" encoding="UTF-8"?>
<!-- Generated by org.testng.reporters.JUnitReportReporter -->
<testsuite hostname="LAPTOP-848828Q1" failures="0" tests="1" name="com.amazon.Testscript.BuyMobileiPhone" time="2.624" errors="0" timestamp="2023-09-05T20:25:16 EDT" skipped="0">
  <testcase classname="com.amazon.Testscript.BuyMobileiPhone" name="BuyMobileiPone" time="2.624"/>
</testsuite> <!-- com.amazon.Testscript.BuyMobileiPhone -->
