<?xml version="1.0" encoding="UTF-8"?>
<!-- Generated by org.testng.reporters.JUnitReportReporter -->
<testsuite hostname="LAPTOP-848828Q1" failures="0" tests="1" name="com.amazon.Testscript.AccessingAmazonOverOnMenu" time="5.733" errors="0" timestamp="2023-08-29T21:44:21 EDT" skipped="0">
  <testcase classname="com.amazon.Testscript.AccessingAmazonOverOnMenu" name="Hover" time="5.733"/>
</testsuite> <!-- com.amazon.Testscript.AccessingAmazonOverOnMenu -->
