<?xml version="1.0" encoding="UTF-8"?>
<!-- Generated by org.testng.reporters.JUnitReportReporter -->
<testsuite hostname="LAPTOP-848828Q1" failures="0" tests="1" name="com.amazon.Testscript.AmazonScript" time="4.739" errors="0" timestamp="2023-08-29T23:04:00 EDT" skipped="0">
  <testcase classname="com.amazon.Testscript.AmazonScript" name="Hover" time="4.739"/>
</testsuite> <!-- com.amazon.Testscript.AmazonScript -->
